<?xml version="1.0" encoding="UTF-8"?>
<testsuites name="TS_SmokeTest_E2E_LeedOnline" time="57" tests="1" failures="0" errors="0">
   <testsuite name="TS_SmokeTest_E2E_LeedOnline" tests="1" failures="0" errors="0" time="57" timestamp="2019-03-04 01:53:10" hostname="promantus inc - 192.168.3.11" id="Test Suites/SmokeTest/TS_SmokeTest_E2E_LeedOnline">
      <properties>
         <property name="deviceName" value=""/>
         <property name="devicePlatform" value=""/>
         <property name="logFolder" value="D:\\Git\\Usgbc_LeedOnline\\Reports\\SmokeTest\\TS_SmokeTest_E2E_LeedOnline\\20190304_015304"/>
         <property name="logFiles" value="D:\\Git\\Usgbc_LeedOnline\\Reports\\SmokeTest\\TS_SmokeTest_E2E_LeedOnline\\20190304_015304\\execution0.log"/>
         <property name="attachments" value=""/>
         <property name="hostName" value="promantus inc - 192.168.3.11"/>
         <property name="os" value="Windows 10 64bit"/>
         <property name="katalonVersion" value="5.10.1.1"/>
         <property name="browser" value="Chrome 72.0.3626.119"/>
         <property name="hostAddress" value="192.168.3.11"/>
         <property name="sessionId" value="936f37a5a9930a1b7f54925b3c6aec79"/>
         <property name="seleniumVersion" value="3.7.1"/>
         <property name="proxyInformation" value="ProxyInformation{proxyOption=NO_PROXY, proxyServerType=HTTP, password=, proxyServerAddress=, proxyServerPort=0}"/>
         <property name="platform" value="Windows 10"/>
      </properties>
      <testcase name="Test Cases/SmokeTest/TC_Campus_Registration" classname="Test Cases/SmokeTest/TC_Campus_Registration" status="PASSED">
         <system-out><![CDATA[2019-03-04 01:53:11 - [TEST_CASE][PASSED] - Test Cases/SmokeTest/TC_Campus_Registration: Test Cases/SmokeTest/TC_Campus_Registration

2019-03-04 01:53:11 - [TEST_STEP][PASSED] - runWithCucumberRunner(testRunner.CampusRegistrationRunner): Run with 'testRunner.CampusRegistrationRunner' was passed

2019-03-04 01:53:13 - [MESSAGE][INFO] - Starting 'Chrome' driver

2019-03-04 01:53:13 - [MESSAGE][INFO] - Action delay is set to 0 seconds

2019-03-04 01:53:16 - [MESSAGE][PASSED] - Browser is opened with url: ''

2019-03-04 01:53:17 - [MESSAGE][PASSED] - Current window maximized

2019-03-04 01:53:21 - [MESSAGE][PASSED] - Navigate to 'https://leedonline-stg.usgbc.org' successfully

2019-03-04 01:53:23 - [MESSAGE][PASSED] - Delayed 2 second(s)

2019-03-04 01:53:24 - [MESSAGE][PASSED] - Text 'jaypeejay@hotmail.com' is set on object 'Object Repository/Project_Registration/Page_LEED Online/input_Log username'

2019-03-04 01:53:24 - [MESSAGE][PASSED] - Text 'initpass' is set on object 'Object Repository/Project_Registration/Page_LEED Online/input_Log password'

2019-03-04 01:53:27 - [MESSAGE][PASSED] - Delayed 3 second(s)

2019-03-04 01:53:27 - [MESSAGE][WARNING] - Timeout '0' is invalid. Using default page load timeout: '30'

2019-03-04 01:53:27 - [MESSAGE][PASSED] - Scroll to object 'Object Repository/Project_Registration/Page_LEED Online/span_End User License Agreemen' successfully

2019-03-04 01:53:27 - [MESSAGE][PASSED] - Object 'Object Repository/Project_Registration/Page_LEED Online/span_End User License Agreemen' is checked

2019-03-04 01:53:29 - [MESSAGE][PASSED] - Delayed 2 second(s)

2019-03-04 01:53:29 - [MESSAGE][PASSED] - Object: 'Object Repository/Project_Registration/Page_LEED Online/button_Log In' is clicked on

2019-03-04 01:53:35 - [MESSAGE][PASSED] - Object: 'Object Repository/Campus_Registration/createcampus/Page_LEED Online/a_Campuses' is clicked on

2019-03-04 01:53:37 - [MESSAGE][PASSED] - Delayed 2 second(s)

2019-03-04 01:53:38 - [MESSAGE][PASSED] - Object: 'Object Repository/Campus_Registration/createcampus/Page_LEED Online/a_Create new campus' is clicked on

2019-03-04 01:53:41 - [MESSAGE][PASSED] - Delayed 3 second(s)

2019-03-04 01:53:41 - [MESSAGE][PASSED] - Scroll to object 'Object Repository/Campus_Registration/LEED_log/LEED_campusReg/Page_LEED Online/input_Name_name' successfully

2019-03-04 01:53:41 - [MESSAGE][PASSED] - Text 'TestProjectcampus12' is set on object 'Object Repository/Campus_Registration/LEED_log/LEED_campusReg/Page_LEED Online/input_Name_name'

2019-03-04 01:53:41 - [MESSAGE][PASSED] - Text 'JOHN J NOLIS ARCHITECTURE AND INTERIORS' is set on object 'Object Repository/Campus_Registration/LEED_log/LEED_campusReg/Page_LEED Online/input_Owner_organization'

2019-03-04 01:53:43 - [MESSAGE][PASSED] - Delayed 2 second(s)

2019-03-04 01:53:43 - [MESSAGE][PASSED] - Text '123456789' is set on object 'Object Repository/Campus_Registration/LEED_log/LEED_campusReg/Page_LEED Online/input_concat(Owner  s Represen'

2019-03-04 01:53:44 - [MESSAGE][PASSED] - All options with value 'Educational: College, Private' are selected in object 'Object Repository/Campus_Registration/LEED_camRegtc/Page_LEED Online/select_Select owner typeBusine'  using regular expression

2019-03-04 01:53:47 - [MESSAGE][PASSED] - All options with value 'US' are selected in object 'Object Repository/Campus_Registration/LEED_camRegtc/leedcampus/Page_LEED Online/select_AfghanistanAland Island'  using regular expression

2019-03-04 01:53:48 - [MESSAGE][PASSED] - Text 'testleed@campus.com' is set on object 'Object Repository/Campus_Registration/LEED_log/LEED_campusReg/Page_LEED Online/input_Email_email'

2019-03-04 01:53:48 - [MESSAGE][PASSED] - Text '795' is set on object 'Object Repository/Campus_Registration/LEED_log/LEED_campusReg/Page_LEED Online/input_Address 1_address1'

2019-03-04 01:53:48 - [MESSAGE][PASSED] - Text 'E DRAGRAM' is set on object 'Object Repository/Campus_Registration/LEED_log/LEED_campusReg/Page_LEED Online/input_Address 2_address2'

2019-03-04 01:53:48 - [MESSAGE][PASSED] - Text 'TUCSON' is set on object 'Object Repository/Campus_Registration/LEED_log/LEED_campusReg/Page_LEED Online/input_City_city'

2019-03-04 01:53:52 - [MESSAGE][PASSED] - All options with value 'US' are selected in object 'Object Repository/Campus_Registration/LEED_camRegtc/leedcampus/Page_LEED Online/select_AfghanistanAland Island_2'  using regular expression

2019-03-04 01:53:52 - [MESSAGE][PASSED] - All options with value 'AK ' are selected in object 'Object Repository/Campus_Registration/LEED_camRegtc/leedcampus/Page_LEED Online/select_AlabamaAlaskaAmerican S'  using regular expression

2019-03-04 01:53:53 - [MESSAGE][PASSED] - Text '98104' is set on object 'Object Repository/Campus_Registration/LEED_log/LEED_campusReg/Page_LEED Online/input_Postal code 1_postalcode'

2019-03-04 01:53:54 - [MESSAGE][PASSED] - Object: 'Object Repository/Campus_Registration/LEED_camRegtc/leedcampus/Page_LEED Online/input_Postal code 3_fActionsSu' is clicked on

2019-03-04 01:53:59 - [MESSAGE][PASSED] - Delayed 5 second(s)

2019-03-04 01:53:59 - [MESSAGE][PASSED] - Keys 'END + ' sent to object: 'Object Repository/Project_Registration/agrrement verifi/Page_LEED Online/iframe'

2019-03-04 01:54:01 - [MESSAGE][PASSED] - Delayed 2 second(s)

2019-03-04 01:54:01 - [MESSAGE][PASSED] - Keys 'HOME + ' sent to object: 'Object Repository/Project_Registration/agrrement verifi/Page_LEED Online/iframe'

2019-03-04 01:54:03 - [MESSAGE][PASSED] - Delayed 2 second(s)

2019-03-04 01:54:03 - [MESSAGE][PASSED] - Keys 'END + ' sent to object: 'Object Repository/Project_Registration/agrrement verifi/Page_LEED Online/iframe'

2019-03-04 01:54:05 - [MESSAGE][PASSED] - Delayed 2 second(s)

2019-03-04 01:54:05 - [MESSAGE][PASSED] - Scroll to object 'Object Repository/Project_Registration/agrrement verifi/Page_LEED Online/button_I AGREE' successfully

2019-03-04 01:54:07 - [MESSAGE][PASSED] - Delayed 2 second(s)

2019-03-04 01:54:07 - [MESSAGE][PASSED] - Object: 'Object Repository/Project_Registration/agrrement verifi/Page_LEED Online/button_I AGREE' is clicked on

2019-03-04 01:54:07 - [MESSAGE][PASSED] - Run with 'testRunner.CampusRegistrationRunner' was passed]]></system-out>
         <system-err><![CDATA[]]></system-err>
      </testcase>
      <system-out><![CDATA[2019-03-04 01:53:10 - [TEST_SUITE][PASSED] - TS_SmokeTest_E2E_LeedOnline: Test Cases/SmokeTest/TC_Campus_Registration]]></system-out>
      <system-err><![CDATA[]]></system-err>
   </testsuite>
</testsuites>
