<?xml version="1.0" encoding="UTF-8"?>
<testsuites name="TS_SmokeTest_E2E_LeedOnline" time="0" tests="0" failures="0" errors="0">
   <testsuite name="TS_SmokeTest_E2E_LeedOnline" tests="0" failures="0" errors="0" time="0" timestamp="2019-03-01 19:18:27" hostname="PromantusInc - G10PROLT028" id="Test Suites/SmokeTest/TS_SmokeTest_E2E_LeedOnline">
      <properties>
         <property name="deviceName" value=""/>
         <property name="devicePlatform" value=""/>
         <property name="logFolder" value="F:\\BDD\\Usgbc_Leed\\Usgbc_LeedOnline\\Reports\\SmokeTest\\TS_SmokeTest_E2E_LeedOnline\\20190301_191825"/>
         <property name="logFiles" value="F:\\BDD\\Usgbc_Leed\\Usgbc_LeedOnline\\Reports\\SmokeTest\\TS_SmokeTest_E2E_LeedOnline\\20190301_191825\\execution0.log"/>
         <property name="attachments" value=""/>
         <property name="hostName" value="PromantusInc - G10PROLT028"/>
         <property name="hostAddress" value="192.168.1.29"/>
         <property name="os" value="Windows 10 64bit"/>
         <property name="katalonVersion" value="5.10.1.1"/>
      </properties>
      <system-out><![CDATA[2019-03-01 19:18:27 - [TEST_SUITE][INCOMPLETE] - TS_SmokeTest_E2E_LeedOnline: null]]></system-out>
      <system-err><![CDATA[2019-03-01 19:18:27 - [TEST_SUITE][INCOMPLETE] - TS_SmokeTest_E2E_LeedOnline: null]]></system-err>
   </testsuite>
</testsuites>
