<?xml version="1.0" encoding="UTF-8"?>
<testsuites name="TS_SmokeTest_E2E_LeedOnline" time="324" tests="3" failures="0" errors="0">
   <testsuite name="TS_SmokeTest_E2E_LeedOnline" tests="3" failures="0" errors="0" time="324" timestamp="2019-03-05 12:17:23" hostname="promantus inc - G10PROLT025" id="Test Suites/SmokeTest/TS_SmokeTest_E2E_LeedOnline">
      <properties>
         <property name="deviceName" value=""/>
         <property name="devicePlatform" value=""/>
         <property name="logFolder" value="F:\\GitProjects\\Usgbc_LeedOnline\\Usgbc_LeedOnline\\Reports\\SmokeTest\\TS_SmokeTest_E2E_LeedOnline\\20190305_121712"/>
         <property name="logFiles" value="F:\\GitProjects\\Usgbc_LeedOnline\\Usgbc_LeedOnline\\Reports\\SmokeTest\\TS_SmokeTest_E2E_LeedOnline\\20190305_121712\\execution0.log"/>
         <property name="attachments" value=""/>
         <property name="hostName" value="promantus inc - G10PROLT025"/>
         <property name="os" value="Windows 10 64bit"/>
         <property name="katalonVersion" value="5.10.1.1"/>
         <property name="browser" value="Chrome 72.0.3626.119"/>
         <property name="hostAddress" value="192.168.1.13"/>
         <property name="sessionId" value="2cb349d506623582b785a67b037b42ff"/>
         <property name="seleniumVersion" value="3.7.1"/>
         <property name="proxyInformation" value="ProxyInformation{proxyOption=NO_PROXY, proxyServerType=HTTP, password=, proxyServerAddress=, proxyServerPort=0}"/>
         <property name="platform" value="Windows 10"/>
      </properties>
      <testcase name="Test Cases/SmokeTest/TC_Campus_Registration" classname="Test Cases/SmokeTest/TC_Campus_Registration" status="PASSED">
         <system-out><![CDATA[2019-03-05 12:17:24 - [TEST_CASE][PASSED] - Test Cases/SmokeTest/TC_Campus_Registration: Test Cases/SmokeTest/TC_Campus_Registration

2019-03-05 12:17:24 - [TEST_STEP][PASSED] - runWithCucumberRunner(testRunner.CampusRegistrationRunner): Run with 'testRunner.CampusRegistrationRunner' was passed

2019-03-05 12:17:27 - [MESSAGE][INFO] - Starting 'Chrome' driver

2019-03-05 12:17:27 - [MESSAGE][INFO] - Action delay is set to 0 seconds

2019-03-05 12:17:31 - [MESSAGE][PASSED] - Browser is opened with url: ''

2019-03-05 12:17:32 - [MESSAGE][PASSED] - Current window maximized

2019-03-05 12:17:44 - [MESSAGE][PASSED] - Navigate to 'https://leedonline-stg.usgbc.org' successfully

2019-03-05 12:17:46 - [MESSAGE][PASSED] - Delayed 2 second(s)

2019-03-05 12:17:47 - [MESSAGE][PASSED] - Text 'jaypeejay@hotmail.com' is set on object 'Object Repository/Project_Registration/Page_LEED Online/input_Log username'

2019-03-05 12:17:47 - [MESSAGE][PASSED] - Text 'initpass' is set on object 'Object Repository/Project_Registration/Page_LEED Online/input_Log password'

2019-03-05 12:17:50 - [MESSAGE][PASSED] - Delayed 3 second(s)

2019-03-05 12:17:50 - [MESSAGE][WARNING] - Timeout '0' is invalid. Using default page load timeout: '30'

2019-03-05 12:17:50 - [MESSAGE][PASSED] - Scroll to object 'Object Repository/Project_Registration/Page_LEED Online/span_End User License Agreemen' successfully

2019-03-05 12:17:50 - [MESSAGE][PASSED] - Object 'Object Repository/Project_Registration/Page_LEED Online/span_End User License Agreemen' is checked

2019-03-05 12:17:52 - [MESSAGE][PASSED] - Delayed 2 second(s)

2019-03-05 12:17:52 - [MESSAGE][PASSED] - Object: 'Object Repository/Project_Registration/Page_LEED Online/button_Log In' is clicked on

2019-03-05 12:18:05 - [MESSAGE][PASSED] - Object: 'Object Repository/Campus_Registration/createcampus/Page_LEED Online/a_Campuses' is clicked on

2019-03-05 12:18:07 - [MESSAGE][PASSED] - Delayed 2 second(s)

2019-03-05 12:18:08 - [MESSAGE][PASSED] - Object: 'Object Repository/Campus_Registration/createcampus/Page_LEED Online/a_Create new campus' is clicked on

2019-03-05 12:18:11 - [MESSAGE][PASSED] - Delayed 3 second(s)

2019-03-05 12:18:11 - [MESSAGE][PASSED] - Scroll to object 'Object Repository/Campus_Registration/LEED_log/LEED_campusReg/Page_LEED Online/input_Name_name' successfully

2019-03-05 12:18:11 - [MESSAGE][PASSED] - Text 'TestProjectcampus12' is set on object 'Object Repository/Campus_Registration/LEED_log/LEED_campusReg/Page_LEED Online/input_Name_name'

2019-03-05 12:18:12 - [MESSAGE][PASSED] - Text 'JOHN J NOLIS ARCHITECTURE AND INTERIORS' is set on object 'Object Repository/Campus_Registration/LEED_log/LEED_campusReg/Page_LEED Online/input_Owner_organization'

2019-03-05 12:18:14 - [MESSAGE][PASSED] - Delayed 2 second(s)

2019-03-05 12:18:14 - [MESSAGE][PASSED] - Text '123456789' is set on object 'Object Repository/Campus_Registration/LEED_log/LEED_campusReg/Page_LEED Online/input_concat(Owner  s Represen'

2019-03-05 12:18:14 - [MESSAGE][PASSED] - All options with value 'Educational: College, Private' are selected in object 'Object Repository/Campus_Registration/LEED_camRegtc/Page_LEED Online/select_Select owner typeBusine'  using regular expression

2019-03-05 12:18:18 - [MESSAGE][PASSED] - All options with value 'US' are selected in object 'Object Repository/Campus_Registration/LEED_camRegtc/leedcampus/Page_LEED Online/select_AfghanistanAland Island'  using regular expression

2019-03-05 12:18:18 - [MESSAGE][PASSED] - Text 'testleed@campus.com' is set on object 'Object Repository/Campus_Registration/LEED_log/LEED_campusReg/Page_LEED Online/input_Email_email'

2019-03-05 12:18:18 - [MESSAGE][PASSED] - Text '795' is set on object 'Object Repository/Campus_Registration/LEED_log/LEED_campusReg/Page_LEED Online/input_Address 1_address1'

2019-03-05 12:18:19 - [MESSAGE][PASSED] - Text 'E DRAGRAM' is set on object 'Object Repository/Campus_Registration/LEED_log/LEED_campusReg/Page_LEED Online/input_Address 2_address2'

2019-03-05 12:18:19 - [MESSAGE][PASSED] - Text 'TUCSON' is set on object 'Object Repository/Campus_Registration/LEED_log/LEED_campusReg/Page_LEED Online/input_City_city'

2019-03-05 12:18:23 - [MESSAGE][PASSED] - All options with value 'US' are selected in object 'Object Repository/Campus_Registration/LEED_camRegtc/leedcampus/Page_LEED Online/select_AfghanistanAland Island_2'  using regular expression

2019-03-05 12:18:23 - [MESSAGE][PASSED] - All options with value 'AK ' are selected in object 'Object Repository/Campus_Registration/LEED_camRegtc/leedcampus/Page_LEED Online/select_AlabamaAlaskaAmerican S'  using regular expression

2019-03-05 12:18:23 - [MESSAGE][PASSED] - Text '98104' is set on object 'Object Repository/Campus_Registration/LEED_log/LEED_campusReg/Page_LEED Online/input_Postal code 1_postalcode'

2019-03-05 12:18:38 - [MESSAGE][PASSED] - Object: 'Object Repository/Campus_Registration/LEED_camRegtc/leedcampus/Page_LEED Online/input_Postal code 3_fActionsSu' is clicked on

2019-03-05 12:18:43 - [MESSAGE][PASSED] - Delayed 5 second(s)

2019-03-05 12:18:43 - [MESSAGE][PASSED] - Keys 'END + ' sent to object: 'Object Repository/Project_Registration/agrrement verifi/Page_LEED Online/iframe'

2019-03-05 12:18:45 - [MESSAGE][PASSED] - Delayed 2 second(s)

2019-03-05 12:18:45 - [MESSAGE][PASSED] - Keys 'HOME + ' sent to object: 'Object Repository/Project_Registration/agrrement verifi/Page_LEED Online/iframe'

2019-03-05 12:18:47 - [MESSAGE][PASSED] - Delayed 2 second(s)

2019-03-05 12:18:47 - [MESSAGE][PASSED] - Keys 'END + ' sent to object: 'Object Repository/Project_Registration/agrrement verifi/Page_LEED Online/iframe'

2019-03-05 12:18:49 - [MESSAGE][PASSED] - Delayed 2 second(s)

2019-03-05 12:18:49 - [MESSAGE][PASSED] - Scroll to object 'Object Repository/Project_Registration/agrrement verifi/Page_LEED Online/button_I AGREE' successfully

2019-03-05 12:18:51 - [MESSAGE][PASSED] - Delayed 2 second(s)

2019-03-05 12:18:51 - [MESSAGE][PASSED] - Object: 'Object Repository/Project_Registration/agrrement verifi/Page_LEED Online/button_I AGREE' is clicked on

2019-03-05 12:18:51 - [MESSAGE][PASSED] - Run with 'testRunner.CampusRegistrationRunner' was passed]]></system-out>
         <system-err><![CDATA[]]></system-err>
      </testcase>
      <testcase name="Test Cases/SmokeTest/TC_Project_Registration" classname="Test Cases/SmokeTest/TC_Project_Registration" status="PASSED">
         <system-out><![CDATA[2019-03-05 12:18:51 - [TEST_CASE][PASSED] - Test Cases/SmokeTest/TC_Project_Registration: Test Cases/SmokeTest/TC_Project_Registration

2019-03-05 12:18:52 - [TEST_STEP][PASSED] - runWithCucumberRunner(testRunner.ProjectRegistrationRunner): Run with 'testRunner.ProjectRegistrationRunner' was passed

2019-03-05 12:18:52 - [MESSAGE][WARNING] - A browser is already opened. Closing browser and opening a new one

2019-03-05 12:18:53 - [MESSAGE][INFO] - Starting 'Chrome' driver

2019-03-05 12:18:55 - [MESSAGE][PASSED] - Browser is opened with url: ''

2019-03-05 12:18:57 - [MESSAGE][PASSED] - Current window maximized

2019-03-05 12:18:59 - [MESSAGE][PASSED] - Navigate to 'https://leedonline-stg.usgbc.org' successfully

2019-03-05 12:19:01 - [MESSAGE][PASSED] - Delayed 2 second(s)

2019-03-05 12:19:01 - [MESSAGE][PASSED] - Text 'jaypeejay@hotmail.com' is set on object 'Object Repository/Project_Registration/Page_LEED Online/input_Log username'

2019-03-05 12:19:01 - [MESSAGE][PASSED] - Text 'initpass' is set on object 'Object Repository/Project_Registration/Page_LEED Online/input_Log password'

2019-03-05 12:19:04 - [MESSAGE][PASSED] - Delayed 3 second(s)

2019-03-05 12:19:04 - [MESSAGE][WARNING] - Timeout '0' is invalid. Using default page load timeout: '30'

2019-03-05 12:19:04 - [MESSAGE][PASSED] - Scroll to object 'Object Repository/Project_Registration/Page_LEED Online/span_End User License Agreemen' successfully

2019-03-05 12:19:04 - [MESSAGE][PASSED] - Object 'Object Repository/Project_Registration/Page_LEED Online/span_End User License Agreemen' is checked

2019-03-05 12:19:06 - [MESSAGE][PASSED] - Delayed 2 second(s)

2019-03-05 12:19:07 - [MESSAGE][PASSED] - Object: 'Object Repository/Project_Registration/Page_LEED Online/button_Log In' is clicked on

2019-03-05 12:19:10 - [MESSAGE][PASSED] - Delayed 3 second(s)

2019-03-05 12:19:22 - [MESSAGE][PASSED] - Object: 'Object Repository/Project_Registration/Page_LEED Online/Page_LEED Online/div_Create new Project' is clicked on

2019-03-05 12:19:22 - [MESSAGE][PASSED] - Text 'BDDAuto001' is set on object 'Object Repository/Project_Registration/Detail/Page_LEED Online/input_Name_name'

2019-03-05 12:19:22 - [MESSAGE][PASSED] - Object: 'Object Repository/Project_Registration/Detail/Page_LEED Online/span_No_checked' is clicked on

2019-03-05 12:19:22 - [MESSAGE][PASSED] - Object: 'Object Repository/Project_Registration/Detail/Page_LEED Online/select_LEED v4 BDC New Constru' is clicked on

2019-03-05 12:19:22 - [MESSAGE][PASSED] - Object: 'Object Repository/Project_Registration/Detail/Page_LEED Online/span_IP units_checked' is clicked on

2019-03-05 12:19:25 - [MESSAGE][PASSED] - Delayed 3 second(s)

2019-03-05 12:19:29 - [MESSAGE][PASSED] - Delayed 3 second(s)

2019-03-05 12:19:29 - [MESSAGE][PASSED] - Object: 'Object Repository/Project_Registration/calender/Page_LEED Online/select_Select project typeAirp' is clicked on

2019-03-05 12:19:30 - [MESSAGE][PASSED] - All options with value 'Airport: Distribution Center' are selected in object 'Object Repository/Project_Registration/calender/Page_LEED Online/select_Select project typeAirp'  using regular expression

2019-03-05 12:19:30 - [MESSAGE][PASSED] - Text '1000' is set on object 'Object Repository/Project_Registration/Detail/Page_LEED Online/input_Gross floor area_grossFo'

2019-03-05 12:19:32 - [MESSAGE][PASSED] - Delayed 2 second(s)

2019-03-05 12:19:32 - [MESSAGE][PASSED] - Text 'J & S Real Assets, LLC' is set on object 'Object Repository/Project_Registration/Detail/Page_LEED Online/input_Owner_organization'

2019-03-05 12:19:34 - [MESSAGE][PASSED] - Delayed 2 second(s)

2019-03-05 12:19:34 - [MESSAGE][PASSED] - Text 'Jancy Rani' is set on object 'Object Repository/Project_Registration/Detail/Page_LEED Online/input_concat(Owner  s Represen'

2019-03-05 12:19:35 - [MESSAGE][PASSED] - All options with value 'Business Improvement District' are selected in object 'Object Repository/Project_Registration/Detail/Page_LEED Online/select_Select owner typeBusine'  using regular expression

2019-03-05 12:19:35 - [MESSAGE][PASSED] - Object: 'Object Repository/Project_Registration/Detail/Page_LEED Online/select_Select owner typeBusine' is clicked on

2019-03-05 12:19:37 - [MESSAGE][PASSED] - Delayed 2 second(s)

2019-03-05 12:19:37 - [MESSAGE][PASSED] - Text 'gokulthiru22@gmail.com' is set on object 'Object Repository/Project_Registration/Detail/Page_LEED Online/input_Email_email'

2019-03-05 12:19:37 - [MESSAGE][PASSED] - Object: 'Object Repository/Project_Registration/Detail/Page_LEED Online/input_This project is private_' is clicked on

2019-03-05 12:19:38 - [MESSAGE][PASSED] - Text '9338 Carpenter St.' is set on object 'Object Repository/Project_Registration/Detail/Page_LEED Online/input_Address 1_address1'

2019-03-05 12:19:38 - [MESSAGE][PASSED] - Text '9338 Carpenter St.' is set on object 'Object Repository/Project_Registration/Detail/Page_LEED Online/input_Address 2_address2'

2019-03-05 12:19:38 - [MESSAGE][PASSED] - Text 'Waukesha' is set on object 'Object Repository/Project_Registration/Detail/Page_LEED Online/input_City_city'

2019-03-05 12:19:38 - [MESSAGE][PASSED] - Object: 'Object Repository/Project_Registration/Detail/Page_LEED Online/div_City' is clicked on

2019-03-05 12:19:38 - [MESSAGE][PASSED] - Object: 'Object Repository/Project_Registration/Detail/Page_LEED Online/select_AlabamaAlaskaAmerican S' is clicked on

2019-03-05 12:19:38 - [MESSAGE][PASSED] - Text '46526' is set on object 'Object Repository/Project_Registration/Detail/Page_LEED Online/input_Postal code_postalcode'

2019-03-05 12:19:39 - [MESSAGE][PASSED] - Text '41.582272' is set on object 'Object Repository/Project_Registration/Detail/Page_LEED Online/input_Geo location_geoLat'

2019-03-05 12:19:39 - [MESSAGE][PASSED] - Text '-85.834438' is set on object 'Object Repository/Project_Registration/Detail/Page_LEED Online/input_Geo location_geoLng'

2019-03-05 12:19:40 - [MESSAGE][PASSED] - Object: 'Object Repository/Project_Registration/Detail/Page_LEED Online/input_Geo location_fActionsSub' is clicked on

2019-03-05 12:19:45 - [MESSAGE][PASSED] - Delayed 5 second(s)

2019-03-05 12:19:45 - [MESSAGE][PASSED] - Keys 'END + ' sent to object: 'Object Repository/Project_Registration/agrrement verifi/Page_LEED Online/iframe'

2019-03-05 12:19:47 - [MESSAGE][PASSED] - Delayed 2 second(s)

2019-03-05 12:19:47 - [MESSAGE][PASSED] - Keys 'HOME + ' sent to object: 'Object Repository/Project_Registration/agrrement verifi/Page_LEED Online/iframe'

2019-03-05 12:19:49 - [MESSAGE][PASSED] - Delayed 2 second(s)

2019-03-05 12:19:49 - [MESSAGE][PASSED] - Keys 'END + ' sent to object: 'Object Repository/Project_Registration/agrrement verifi/Page_LEED Online/iframe'

2019-03-05 12:19:51 - [MESSAGE][PASSED] - Delayed 2 second(s)

2019-03-05 12:19:51 - [MESSAGE][PASSED] - Scroll to object 'Object Repository/Project_Registration/agrrement verifi/Page_LEED Online/button_I AGREE' successfully

2019-03-05 12:19:53 - [MESSAGE][PASSED] - Delayed 2 second(s)

2019-03-05 12:19:53 - [MESSAGE][PASSED] - Object: 'Object Repository/Project_Registration/agrrement verifi/Page_LEED Online/button_I AGREE' is clicked on

2019-03-05 12:20:04 - [MESSAGE][PASSED] - Object 'Object Repository/Project_Registration/payment page/Page_LEED Online/input_Payment type_payment_typ' is visible

2019-03-05 12:20:04 - [MESSAGE][PASSED] - Object: 'Object Repository/Project_Registration/payment page/Page_LEED Online/input_Payment type_payment_typ' is clicked on

2019-03-05 12:20:04 - [MESSAGE][PASSED] - Object: 'Object Repository/Project_Registration/payment page/Page_LEED Online/input_Payment type_payment_typ' is clicked on

2019-03-05 12:20:04 - [MESSAGE][PASSED] - Object: 'Object Repository/Project_Registration/payment page/Page_LEED Online/input_Card type_card_type' is clicked on

2019-03-05 12:20:05 - [MESSAGE][PASSED] - Text 'gokul' is set on object 'Object Repository/Project_Registration/payment page/Page_LEED Online/input_Name on card_card-name'

2019-03-05 12:20:05 - [MESSAGE][PASSED] - Text '4111111111111111' is set on object 'Object Repository/Project_Registration/payment page/Page_LEED Online/input_Card number_card-number'

2019-03-05 12:20:05 - [MESSAGE][PASSED] - Text '999' is set on object 'Object Repository/Project_Registration/payment page/Page_LEED Online/input_CVV_card-cvv'

2019-03-05 12:20:05 - [MESSAGE][PASSED] - All options with value '07' are selected in object 'Object Repository/Project_Registration/payment page/Page_LEED Online/select_01020304050607080910111'  using regular expression

2019-03-05 12:20:05 - [MESSAGE][PASSED] - All options with value '2021' are selected in object 'Object Repository/Project_Registration/payment page/Page_LEED Online/select_20192020202120222023202'  using regular expression

2019-03-05 12:20:05 - [MESSAGE][PASSED] - Text 'john james p' is set on object 'Object Repository/Project_Registration/payment page/Page_LEED Online/input_Bill-to-party name_billN'

2019-03-05 12:20:06 - [MESSAGE][PASSED] - Text 'gokulthiru22@gmail.com' is set on object 'Object Repository/Project_Registration/payment page/Page_LEED Online/input_Bill-to-party email_bill'

2019-03-05 12:20:06 - [MESSAGE][PASSED] - Text '9338 Carpenter St.' is set on object 'Object Repository/Project_Registration/payment page/Page_LEED Online/input_Address 2_address2_20'

2019-03-05 12:20:06 - [MESSAGE][PASSED] - Text '9338 Carpenter St.' is set on object 'Object Repository/Project_Registration/payment page/Page_LEED Online/input_Address 2_address2_21'

2019-03-05 12:20:06 - [MESSAGE][PASSED] - Text 'Waukesha' is set on object 'Object Repository/Project_Registration/payment page/Page_LEED Online/input_City_city'

2019-03-05 12:20:10 - [MESSAGE][PASSED] - All options with value 'US' are selected in object 'Object Repository/Project_Registration/payment page/Page_LEED Online/select_AfghanistanAland Island'  using regular expression

2019-03-05 12:20:10 - [MESSAGE][PASSED] - All options with value 'IN ' are selected in object 'Object Repository/Project_Registration/payment page/Page_LEED Online/select_AlabamaAlaskaAmerican S'  using regular expression

2019-03-05 12:20:10 - [MESSAGE][PASSED] - Text '46526' is set on object 'Object Repository/Project_Registration/payment page/Page_LEED Online/input_Postal code_postalcode'

2019-03-05 12:20:11 - [MESSAGE][PASSED] - Object: 'Object Repository/Project_Registration/payment page/Page_LEED Online/a_Submit Payment' is clicked on

2019-03-05 12:20:14 - [MESSAGE][PASSED] - Delayed 3 second(s)

2019-03-05 12:20:14 - [MESSAGE][PASSED] - Object: 'Object Repository/Project_Registration/payment2/Page_/span_close' is clicked on

2019-03-05 12:20:17 - [MESSAGE][PASSED] - Delayed 3 second(s)

2019-03-05 12:20:18 - [MESSAGE][PASSED] - Object: 'Object Repository/Project_Registration/payment page/Page_LEED Online/a_Submit Payment' is clicked on

2019-03-05 12:20:18 - [MESSAGE][PASSED] - Object 'Object Repository/Project_Registration/Receipt/Page_LEED Online/td_v4.1 Interiors BP02' is visible

2019-03-05 12:20:23 - [MESSAGE][PASSED] - Delayed 5 second(s)

2019-03-05 12:20:54 - [MESSAGE][PASSED] - Scroll to object 'Object Repository/Project_Registration/Receipt/Page_LEED Online/a_Done' successfully

2019-03-05 12:20:55 - [MESSAGE][PASSED] - Object: 'Object Repository/Project_Registration/Receipt/Page_LEED Online/a_Done' is clicked on

2019-03-05 12:20:55 - [MESSAGE][PASSED] - Run with 'testRunner.ProjectRegistrationRunner' was passed]]></system-out>
         <system-err><![CDATA[]]></system-err>
      </testcase>
      <testcase name="Test Cases/SmokeTest/TC_Project_Verification" classname="Test Cases/SmokeTest/TC_Project_Verification" status="PASSED">
         <system-out><![CDATA[2019-03-05 12:20:55 - [TEST_CASE][PASSED] - Test Cases/SmokeTest/TC_Project_Verification: Test Cases/SmokeTest/TC_Project_Verification

2019-03-05 12:20:56 - [TEST_STEP][PASSED] - runWithCucumberRunner(testRunner.ProjectVerificationRunner): Run with 'testRunner.ProjectVerificationRunner' was passed

2019-03-05 12:20:56 - [MESSAGE][WARNING] - A browser is already opened. Closing browser and opening a new one

2019-03-05 12:20:57 - [MESSAGE][INFO] - Starting 'Chrome' driver

2019-03-05 12:20:59 - [MESSAGE][PASSED] - Browser is opened with url: ''

2019-03-05 12:21:00 - [MESSAGE][PASSED] - Current window maximized

2019-03-05 12:21:10 - [MESSAGE][PASSED] - Navigate to 'https://leedonline-stg.usgbc.org' successfully

2019-03-05 12:21:12 - [MESSAGE][PASSED] - Delayed 2 second(s)

2019-03-05 12:21:12 - [MESSAGE][PASSED] - Text 'jaypeejay@hotmail.com' is set on object 'Object Repository/Project_Registration/Page_LEED Online/input_Log username'

2019-03-05 12:21:12 - [MESSAGE][PASSED] - Text 'initpass' is set on object 'Object Repository/Project_Registration/Page_LEED Online/input_Log password'

2019-03-05 12:21:15 - [MESSAGE][PASSED] - Delayed 3 second(s)

2019-03-05 12:21:15 - [MESSAGE][WARNING] - Timeout '0' is invalid. Using default page load timeout: '30'

2019-03-05 12:21:15 - [MESSAGE][PASSED] - Scroll to object 'Object Repository/Project_Registration/Page_LEED Online/span_End User License Agreemen' successfully

2019-03-05 12:21:15 - [MESSAGE][PASSED] - Object 'Object Repository/Project_Registration/Page_LEED Online/span_End User License Agreemen' is checked

2019-03-05 12:21:17 - [MESSAGE][PASSED] - Delayed 2 second(s)

2019-03-05 12:21:17 - [MESSAGE][PASSED] - Object: 'Object Repository/Project_Registration/Page_LEED Online/button_Log In' is clicked on

2019-03-05 12:21:19 - [MESSAGE][PASSED] - Delayed 2 second(s)

2019-03-05 12:21:29 - [MESSAGE][PASSED] - Object: 'Object Repository/Verify_PrjtDetail/Page_LEED Online/Page_LEED Online/Page_LEED Online/li_of_btn next simpleTip' is clicked on

2019-03-05 12:21:32 - [MESSAGE][PASSED] - Delayed 3 second(s)

2019-03-05 12:21:33 - [MESSAGE][PASSED] - Object: 'Object Repository/Verify_PrjtDetail/Page_LEED Online/Page_LEED Online/Page_LEED Online/li_of_btn next simpleTip' is clicked on

2019-03-05 12:21:36 - [MESSAGE][PASSED] - Delayed 3 second(s)

2019-03-05 12:21:37 - [MESSAGE][PASSED] - Object: 'Object Repository/Verify_PrjtDetail/Page_LEED Online/Page_LEED Online/Page_LEED Online/li_of_btn next simpleTip' is clicked on

2019-03-05 12:21:40 - [MESSAGE][PASSED] - Delayed 3 second(s)

2019-03-05 12:21:43 - [MESSAGE][PASSED] - Object: 'Object Repository/Verify_PrjtDetail/Page_LEED Online/Page_LEED Online/Page_LEED Online/li_of_btn next simpleTip' is clicked on

2019-03-05 12:21:46 - [MESSAGE][PASSED] - Delayed 3 second(s)

2019-03-05 12:21:49 - [MESSAGE][PASSED] - Object: 'Object Repository/Verify_PrjtDetail/Page_LEED Online/Page_LEED Online/Page_LEED Online/li_of_btn next simpleTip' is clicked on

2019-03-05 12:21:52 - [MESSAGE][PASSED] - Delayed 3 second(s)

2019-03-05 12:21:53 - [MESSAGE][PASSED] - Object: 'Object Repository/Verify_PrjtDetail/Page_LEED Online/Page_LEED Online/Page_LEED Online/li_of_btn next simpleTip' is clicked on

2019-03-05 12:21:56 - [MESSAGE][PASSED] - Delayed 3 second(s)

2019-03-05 12:21:59 - [MESSAGE][PASSED] - Object: 'Object Repository/Verify_PrjtDetail/Page_LEED Online/div_v4.1 Interiors BP021000158' is clicked on

2019-03-05 12:21:59 - [MESSAGE][PASSED] - Object 'Object Repository/Verify_PrjtDetail/verify project details/Page_LEED Online/div_v4.1 Interiors BP02' is visible

2019-03-05 12:21:59 - [MESSAGE][PASSED] - Object 'Object Repository/Verify_PrjtDetail/verify project details/Page_LEED Online/td_v4.1 Interiors BP02' is visible

2019-03-05 12:21:59 - [MESSAGE][PASSED] - Object 'Object Repository/Verify_PrjtDetail/verify project details/Page_LEED Online/td_04 Feb 2019' is visible

2019-03-05 12:21:59 - [MESSAGE][PASSED] - Object 'Object Repository/Verify_PrjtDetail/verify project details/Page_LEED Online/td_Individual Project' is visible

2019-03-05 12:21:59 - [MESSAGE][PASSED] - Object 'Object Repository/Verify_PrjtDetail/verify project details/Page_LEED Online/td_LEED v4.1 OM Interiors' is visible

2019-03-05 12:21:59 - [MESSAGE][PASSED] - Object 'Object Repository/Verify_PrjtDetail/verify project details/Page_LEED Online/td_IP units' is visible

2019-03-05 12:21:59 - [MESSAGE][PASSED] - Object 'Object Repository/Verify_PrjtDetail/verify project details/Page_LEED Online/td_1000 sq ft' is visible

2019-03-05 12:21:59 - [MESSAGE][PASSED] - Object 'Object Repository/Verify_PrjtDetail/verify project details/Page_LEED Online/td_Airport Distribution Center' is visible

2019-03-05 12:21:59 - [MESSAGE][PASSED] - Object 'Object Repository/Verify_PrjtDetail/verify project details/Page_LEED Online/td_United States' is visible

2019-03-05 12:21:59 - [MESSAGE][PASSED] - Object 'Object Repository/Verify_PrjtDetail/verify project details/Page_LEED Online/td_9338 Carpenter St.' is visible

2019-03-05 12:21:59 - [MESSAGE][PASSED] - Object 'Object Repository/Verify_PrjtDetail/verify project details/Page_LEED Online/td_Waukesha' is visible

2019-03-05 12:21:59 - [MESSAGE][PASSED] - Object 'Object Repository/Verify_PrjtDetail/verify project details/Page_LEED Online/td_Wisconsin' is visible

2019-03-05 12:21:59 - [MESSAGE][PASSED] - Object 'Object Repository/Verify_PrjtDetail/verify project details/Page_LEED Online/td_53186' is visible

2019-03-05 12:21:59 - [MESSAGE][PASSED] - Object 'Object Repository/Verify_PrjtDetail/verify project details/Page_LEED Online/td_43.007534 -88.217655' is visible

2019-03-05 12:21:59 - [MESSAGE][PASSED] - Object 'Object Repository/Verify_PrjtDetail/verify project details/Page_LEED Online/td_No' is visible

2019-03-05 12:21:59 - [MESSAGE][PASSED] - Object 'Object Repository/Verify_PrjtDetail/verify project details/Page_LEED Online/td_No' is visible

2019-03-05 12:21:59 - [MESSAGE][PASSED] - Object 'Object Repository/Verify_PrjtDetail/verify project details/Page_LEED Online/td_J  S Real Assets LLC' is visible

2019-03-05 12:21:59 - [MESSAGE][PASSED] - Object 'Object Repository/Verify_PrjtDetail/verify project details/Page_LEED Online/td_Jancy Rani' is visible

2019-03-05 12:21:59 - [MESSAGE][PASSED] - Object 'Object Repository/Verify_PrjtDetail/verify project details/Page_LEED Online/td_Community Development Corpo' is visible

2019-03-05 12:21:59 - [MESSAGE][PASSED] - Object 'Object Repository/Verify_PrjtDetail/verify project details/Page_LEED Online/td_United States' is visible

2019-03-05 12:21:59 - [MESSAGE][PASSED] - Object 'Object Repository/Verify_PrjtDetail/verify project details/Page_LEED Online/td_js.agmail.com' is visible

2019-03-05 12:21:59 - [MESSAGE][PASSED] - Object 'Object Repository/Verify_PrjtDetail/change Owner/Page_LEED Online/strong_Change of Owner Agreeme' is visible

2019-03-05 12:21:59 - [MESSAGE][PASSED] - Object: 'Object Repository/Verify_PrjtDetail/change Owner/Page_LEED Online/a_Download' is clicked on

2019-03-05 12:22:09 - [MESSAGE][PASSED] - Delayed 10 second(s)

2019-03-05 12:22:24 - [MESSAGE][PASSED] - Switched to window with title: 'Change of Owner Agreement | U.S. Green Building Council'

2019-03-05 12:22:24 - [MESSAGE][PASSED] - Object: 'Object Repository/Verify_PrjtDetail/change Owner/Page_Change of Owner Agreement  U.S/h1_Change of Owner Agreement' is clicked on

2019-03-05 12:22:25 - [MESSAGE][PASSED] - Object: 'Object Repository/Verify_PrjtDetail/change Owner/Page_Change of Owner Agreement  U.S/a_Download' is clicked on

2019-03-05 12:22:30 - [MESSAGE][PASSED] - Delayed 5 second(s)

2019-03-05 12:22:31 - [MESSAGE][PASSED] - Switched to window with title: 'Change of Owner Agreement Form | GBCI'

2019-03-05 12:22:31 - [MESSAGE][PASSED] - Object: 'Object Repository/Verify_PrjtDetail/change Owner/Page_Change of Owner Agreement Form/a_change-of-owner.pdf' is clicked on

2019-03-05 12:22:31 - [MESSAGE][PASSED] - Keys 'CONTROL + s' sent to object: 'Object Repository/Verify_PrjtDetail/change Owner/Page_LEED Online/embed_plugin'

2019-03-05 12:22:33 - [MESSAGE][PASSED] - Delayed 2 second(s)

2019-03-05 12:22:38 - [MESSAGE][PASSED] - Delayed 5 second(s)

2019-03-05 12:22:39 - [MESSAGE][PASSED] - Navigate to 'https://leedonline-stg.usgbc.org/projects/details/1000158832' successfully

2019-03-05 12:22:44 - [MESSAGE][PASSED] - Delayed 5 second(s)

2019-03-05 12:22:44 - [MESSAGE][PASSED] - Object: 'Object Repository/Verify_PrjtDetail/change Owner/Page_LEED Online/Page_LEED Online/input_Upload Change of Owner A' is clicked on

2019-03-05 12:22:46 - [MESSAGE][PASSED] - Navigate to 'https://leedonline-stg.usgbc.org/projects/details/1000158832' successfully

2019-03-05 12:22:46 - [MESSAGE][PASSED] - Object: 'Object Repository/Verify_PrjtDetail/update/Page_LEED Online/div_v4.1 Interiors BP02' is clicked on

2019-03-05 12:22:46 - [MESSAGE][PASSED] - Object: 'Object Repository/Verify_PrjtDetail/update/Page_LEED Online/i_Project details_icon-pencil' is clicked on

2019-03-05 12:22:47 - [MESSAGE][PASSED] - Object: 'Object Repository/Verify_PrjtDetail/update/Page_LEED Online/h5_Update Project' is clicked on

2019-03-05 12:22:47 - [MESSAGE][PASSED] - Text '12564' is set on object 'Object Repository/Verify_PrjtDetail/update/Page_LEED Online/input_Gross floor area_grossFo'

2019-03-05 12:22:47 - [MESSAGE][PASSED] - Object: 'Object Repository/Verify_PrjtDetail/update/Page_LEED Online/input_This project includes st' is clicked on

2019-03-05 12:22:47 - [MESSAGE][PASSED] - Run with 'testRunner.ProjectVerificationRunner' was passed]]></system-out>
         <system-err><![CDATA[]]></system-err>
      </testcase>
      <system-out><![CDATA[2019-03-05 12:17:23 - [TEST_SUITE][PASSED] - TS_SmokeTest_E2E_LeedOnline: Test Cases/SmokeTest/TC_Project_Verification]]></system-out>
      <system-err><![CDATA[]]></system-err>
   </testsuite>
</testsuites>
